Línea 116: la clase MSAdodcLib.Adodc del control Adodc1 no era una clase de control cargada.
Línea 121: el nombre de la propiedad _ExtentX de Adodc1 no es válido.
Línea 122: el nombre de la propiedad _ExtentY de Adodc1 no es válido.
Línea 123: el nombre de la propiedad ConnectMode de Adodc1 no es válido.
Línea 124: el nombre de la propiedad CursorLocation de Adodc1 no es válido.
Línea 125: el nombre de la propiedad IsolationLevel de Adodc1 no es válido.
Línea 126: el nombre de la propiedad ConnectionTimeout de Adodc1 no es válido.
Línea 127: el nombre de la propiedad CommandTimeout de Adodc1 no es válido.
Línea 128: el nombre de la propiedad CursorType de Adodc1 no es válido.
Línea 129: el nombre de la propiedad LockType de Adodc1 no es válido.
Línea 130: el nombre de la propiedad CommandType de Adodc1 no es válido.
Línea 131: el nombre de la propiedad CursorOptions de Adodc1 no es válido.
Línea 132: el nombre de la propiedad CacheSize de Adodc1 no es válido.
Línea 133: el nombre de la propiedad MaxRecords de Adodc1 no es válido.
Línea 134: el nombre de la propiedad BOFAction de Adodc1 no es válido.
Línea 135: el nombre de la propiedad EOFAction de Adodc1 no es válido.
Línea 136: el nombre de la propiedad ConnectStringType de Adodc1 no es válido.
Línea 140: el nombre de la propiedad Orientation de Adodc1 no es válido.
Línea 142: el nombre de la propiedad Connect de Adodc1 no es válido.
Línea 143: el nombre de la propiedad OLEDBString de Adodc1 no es válido.
Línea 144: el nombre de la propiedad OLEDBFile de Adodc1 no es válido.
Línea 145: el nombre de la propiedad DataSourceName de Adodc1 no es válido.
Línea 146: el nombre de la propiedad OtherAttributes de Adodc1 no es válido.
Línea 147: el nombre de la propiedad UserName de Adodc1 no es válido.
Línea 148: el nombre de la propiedad Password de Adodc1 no es válido.
Línea 149: el nombre de la propiedad RecordSource de Adodc1 no es válido.
Línea 150: el nombre de la propiedad Caption de Adodc1 no es válido.
Línea 160: el nombre de la propiedad _Version de Adodc1 no es válido.
