Línea 46: la clase MSAdodcLib.Adodc del control Adodc3 no era una clase de control cargada.
Línea 197: la clase MSAdodcLib.Adodc del control Adodc2 no era una clase de control cargada.
Línea 244: la clase MSAdodcLib.Adodc del control Adodc1 no era una clase de control cargada.
Línea 52: el nombre de la propiedad _ExtentX de Adodc3 no es válido.
Línea 53: el nombre de la propiedad _ExtentY de Adodc3 no es válido.
Línea 54: el nombre de la propiedad ConnectMode de Adodc3 no es válido.
Línea 55: el nombre de la propiedad CursorLocation de Adodc3 no es válido.
Línea 56: el nombre de la propiedad IsolationLevel de Adodc3 no es válido.
Línea 57: el nombre de la propiedad ConnectionTimeout de Adodc3 no es válido.
Línea 58: el nombre de la propiedad CommandTimeout de Adodc3 no es válido.
Línea 59: el nombre de la propiedad CursorType de Adodc3 no es válido.
Línea 60: el nombre de la propiedad LockType de Adodc3 no es válido.
Línea 61: el nombre de la propiedad CommandType de Adodc3 no es válido.
Línea 62: el nombre de la propiedad CursorOptions de Adodc3 no es válido.
Línea 63: el nombre de la propiedad CacheSize de Adodc3 no es válido.
Línea 64: el nombre de la propiedad MaxRecords de Adodc3 no es válido.
Línea 65: el nombre de la propiedad BOFAction de Adodc3 no es válido.
Línea 66: el nombre de la propiedad EOFAction de Adodc3 no es válido.
Línea 67: el nombre de la propiedad ConnectStringType de Adodc3 no es válido.
Línea 71: el nombre de la propiedad Orientation de Adodc3 no es válido.
Línea 73: el nombre de la propiedad Connect de Adodc3 no es válido.
Línea 74: el nombre de la propiedad OLEDBString de Adodc3 no es válido.
Línea 75: el nombre de la propiedad OLEDBFile de Adodc3 no es válido.
Línea 76: el nombre de la propiedad DataSourceName de Adodc3 no es válido.
Línea 77: el nombre de la propiedad OtherAttributes de Adodc3 no es válido.
Línea 78: el nombre de la propiedad UserName de Adodc3 no es válido.
Línea 79: el nombre de la propiedad Password de Adodc3 no es válido.
Línea 80: el nombre de la propiedad RecordSource de Adodc3 no es válido.
Línea 81: el nombre de la propiedad Caption de Adodc3 no es válido.
Línea 91: el nombre de la propiedad _Version de Adodc3 no es válido.
Línea 203: el nombre de la propiedad _ExtentX de Adodc2 no es válido.
Línea 204: el nombre de la propiedad _ExtentY de Adodc2 no es válido.
Línea 205: el nombre de la propiedad ConnectMode de Adodc2 no es válido.
Línea 206: el nombre de la propiedad CursorLocation de Adodc2 no es válido.
Línea 207: el nombre de la propiedad IsolationLevel de Adodc2 no es válido.
Línea 208: el nombre de la propiedad ConnectionTimeout de Adodc2 no es válido.
Línea 209: el nombre de la propiedad CommandTimeout de Adodc2 no es válido.
Línea 210: el nombre de la propiedad CursorType de Adodc2 no es válido.
Línea 211: el nombre de la propiedad LockType de Adodc2 no es válido.
Línea 212: el nombre de la propiedad CommandType de Adodc2 no es válido.
Línea 213: el nombre de la propiedad CursorOptions de Adodc2 no es válido.
Línea 214: el nombre de la propiedad CacheSize de Adodc2 no es válido.
Línea 215: el nombre de la propiedad MaxRecords de Adodc2 no es válido.
Línea 216: el nombre de la propiedad BOFAction de Adodc2 no es válido.
Línea 217: el nombre de la propiedad EOFAction de Adodc2 no es válido.
Línea 218: el nombre de la propiedad ConnectStringType de Adodc2 no es válido.
Línea 222: el nombre de la propiedad Orientation de Adodc2 no es válido.
Línea 224: el nombre de la propiedad Connect de Adodc2 no es válido.
Línea 225: el nombre de la propiedad OLEDBString de Adodc2 no es válido.
Línea 226: el nombre de la propiedad OLEDBFile de Adodc2 no es válido.
Línea 227: el nombre de la propiedad DataSourceName de Adodc2 no es válido.
Línea 228: el nombre de la propiedad OtherAttributes de Adodc2 no es válido.
Línea 229: el nombre de la propiedad UserName de Adodc2 no es válido.
Línea 230: el nombre de la propiedad Password de Adodc2 no es válido.
Línea 231: el nombre de la propiedad RecordSource de Adodc2 no es válido.
Línea 232: el nombre de la propiedad Caption de Adodc2 no es válido.
Línea 242: el nombre de la propiedad _Version de Adodc2 no es válido.
Línea 250: el nombre de la propiedad _ExtentX de Adodc1 no es válido.
Línea 251: el nombre de la propiedad _ExtentY de Adodc1 no es válido.
Línea 252: el nombre de la propiedad ConnectMode de Adodc1 no es válido.
Línea 253: el nombre de la propiedad CursorLocation de Adodc1 no es válido.
Línea 254: el nombre de la propiedad IsolationLevel de Adodc1 no es válido.
Línea 255: el nombre de la propiedad ConnectionTimeout de Adodc1 no es válido.
Línea 256: el nombre de la propiedad CommandTimeout de Adodc1 no es válido.
Línea 257: el nombre de la propiedad CursorType de Adodc1 no es válido.
Línea 258: el nombre de la propiedad LockType de Adodc1 no es válido.
Línea 259: el nombre de la propiedad CommandType de Adodc1 no es válido.
Línea 260: el nombre de la propiedad CursorOptions de Adodc1 no es válido.
Línea 261: el nombre de la propiedad CacheSize de Adodc1 no es válido.
Línea 262: el nombre de la propiedad MaxRecords de Adodc1 no es válido.
Línea 263: el nombre de la propiedad BOFAction de Adodc1 no es válido.
Línea 264: el nombre de la propiedad EOFAction de Adodc1 no es válido.
Línea 265: el nombre de la propiedad ConnectStringType de Adodc1 no es válido.
Línea 269: el nombre de la propiedad Orientation de Adodc1 no es válido.
Línea 271: el nombre de la propiedad Connect de Adodc1 no es válido.
Línea 272: el nombre de la propiedad OLEDBString de Adodc1 no es válido.
Línea 273: el nombre de la propiedad OLEDBFile de Adodc1 no es válido.
Línea 274: el nombre de la propiedad DataSourceName de Adodc1 no es válido.
Línea 275: el nombre de la propiedad OtherAttributes de Adodc1 no es válido.
Línea 276: el nombre de la propiedad UserName de Adodc1 no es válido.
Línea 277: el nombre de la propiedad Password de Adodc1 no es válido.
Línea 278: el nombre de la propiedad RecordSource de Adodc1 no es válido.
Línea 279: el nombre de la propiedad Caption de Adodc1 no es válido.
Línea 289: el nombre de la propiedad _Version de Adodc1 no es válido.
