Línea 58: la clase MSAdodcLib.Adodc del control Adodc1 no era una clase de control cargada.
Línea 64: el nombre de la propiedad _ExtentX de Adodc1 no es válido.
Línea 65: el nombre de la propiedad _ExtentY de Adodc1 no es válido.
Línea 66: el nombre de la propiedad ConnectMode de Adodc1 no es válido.
Línea 67: el nombre de la propiedad CursorLocation de Adodc1 no es válido.
Línea 68: el nombre de la propiedad IsolationLevel de Adodc1 no es válido.
Línea 69: el nombre de la propiedad ConnectionTimeout de Adodc1 no es válido.
Línea 70: el nombre de la propiedad CommandTimeout de Adodc1 no es válido.
Línea 71: el nombre de la propiedad CursorType de Adodc1 no es válido.
Línea 72: el nombre de la propiedad LockType de Adodc1 no es válido.
Línea 73: el nombre de la propiedad CommandType de Adodc1 no es válido.
Línea 74: el nombre de la propiedad CursorOptions de Adodc1 no es válido.
Línea 75: el nombre de la propiedad CacheSize de Adodc1 no es válido.
Línea 76: el nombre de la propiedad MaxRecords de Adodc1 no es válido.
Línea 77: el nombre de la propiedad BOFAction de Adodc1 no es válido.
Línea 78: el nombre de la propiedad EOFAction de Adodc1 no es válido.
Línea 79: el nombre de la propiedad ConnectStringType de Adodc1 no es válido.
Línea 83: el nombre de la propiedad Orientation de Adodc1 no es válido.
Línea 85: el nombre de la propiedad Connect de Adodc1 no es válido.
Línea 86: el nombre de la propiedad OLEDBString de Adodc1 no es válido.
Línea 87: el nombre de la propiedad OLEDBFile de Adodc1 no es válido.
Línea 88: el nombre de la propiedad DataSourceName de Adodc1 no es válido.
Línea 89: el nombre de la propiedad OtherAttributes de Adodc1 no es válido.
Línea 90: el nombre de la propiedad UserName de Adodc1 no es válido.
Línea 91: el nombre de la propiedad Password de Adodc1 no es válido.
Línea 92: el nombre de la propiedad RecordSource de Adodc1 no es válido.
Línea 93: el nombre de la propiedad Caption de Adodc1 no es válido.
Línea 103: el nombre de la propiedad _Version de Adodc1 no es válido.
